<?xml version="1.0" encoding="UTF-8"?>
<!-- Generated by org.testng.reporters.JUnitXMLReporter -->
<testsuite hostname="DESKTOP-J71GJ2U" ignored="0" name="Test" tests="1" failures="1" timestamp="02 May 2021 15:54:05 GMT" time="1.895" errors="0">
  <testcase name="indexPageTest" time="0.735" classname="pageTest.TestClass">
    <failure type="java.lang.AssertionError" message="expected [true] but found [false]">
      <![CDATA[java.lang.AssertionError: expected [true] but found [false]
at pageTest.TestClass.indexPageTest(TestClass.java:14)
... Removed 29 stack frames]]>
    </failure>
  </testcase> <!-- indexPageTest -->
</testsuite> <!-- Test -->
