<?xml version="1.0" encoding="UTF-8"?>
<testng-results skipped="0" failed="0" ignored="0" total="1" passed="1">
  <reporter-output>
  </reporter-output>
  <suite name="Suite" duration-ms="2914" started-at="2021-05-08T15:04:58Z" finished-at="2021-05-08T15:05:01Z">
    <groups>
      <group name="test">
        <method signature="TestClass.indexPageTest(java.lang.String, java.lang.String)[pri:0, instance:pageTest.TestClass@146ba0ac]" name="indexPageTest" class="pageTest.TestClass"/>
      </group> <!-- test -->
    </groups>
    <test name="Test" duration-ms="2914" started-at="2021-05-08T15:04:58Z" finished-at="2021-05-08T15:05:01Z">
      <class name="pageTest.TestClass">
        <test-method status="PASS" signature="beforeSuite(java.lang.String)[pri:0, instance:pageTest.TestClass@146ba0ac]" name="beforeSuite" is-config="true" duration-ms="4358" started-at="2021-05-08T15:04:53Z" finished-at="2021-05-08T15:04:58Z">
          <params>
            <param index="0">
              <value>
                <![CDATA[file:///C:/Users/khale/OneDrive/Desktop/Misc/KN%20IT%20Solution/Automation/WebPage/index.html]]>
              </value>
            </param>
          </params>
          <reporter-output>
          </reporter-output>
        </test-method> <!-- beforeSuite -->
        <test-method status="PASS" signature="indexPageTest(java.lang.String, java.lang.String)[pri:0, instance:pageTest.TestClass@146ba0ac]" name="indexPageTest" duration-ms="949" started-at="2021-05-08T15:05:00Z" data-provider="testdata" finished-at="2021-05-08T15:05:00Z">
          <params>
            <param index="0">
              <value>
                <![CDATA[test]]>
              </value>
            </param>
            <param index="1">
              <value>
                <![CDATA[abc123]]>
              </value>
            </param>
          </params>
          <reporter-output>
          </reporter-output>
        </test-method> <!-- indexPageTest -->
        <test-method status="PASS" signature="afterSuite()[pri:0, instance:pageTest.TestClass@146ba0ac]" name="afterSuite" is-config="true" duration-ms="2544" started-at="2021-05-08T15:05:01Z" finished-at="2021-05-08T15:05:03Z">
          <reporter-output>
          </reporter-output>
        </test-method> <!-- afterSuite -->
      </class> <!-- pageTest.TestClass -->
    </test> <!-- Test -->
  </suite> <!-- Suite -->
</testng-results>
